2026-01-24 20:55:14,328 INFO rows=100000 cols=77
2026-01-24 20:55:14,329 INFO columns_sample=['id', 'title', 'description', 'thumbnail_url', 'video_url', 'duration', 'is_audio', 'created_ts', 'track_id', 'is_livestream', 'is_on_air', 'last_update_ts', 'stream_type', 'picture_url', 'origin_type', 'preview_url', 'is_adult', 'is_club', 'is_classic', 'is_paid', 'product_id', 'common_subscription_product_codes', 'publication_ts', 'hits', 'embed_url', 'feed_url', 'feed_name', 'is_official', 'is_licensed', 'html']
2026-01-24 20:55:14,446 INFO rows_after_dedup=100000
2026-01-24 20:55:14,709 INFO top_missing_share={"product_id": 1.0, "future_publication": 1.0, "stream_type": 0.99895, "meta.meta.property:og:description": 0.2958, "subscribers": 0.25033, "preview_url": 0.00117, "meta.meta.property:og:profile:username": 0.00014, "meta.meta.property:og:title": 0.00014, "video_url": 0.0, "title": 0.0, "description": 0.0, "thumbnail_url": 0.0, "id": 0.0, "last_update_ts": 0.0, "is_on_air": 0.0, "is_livestream": 0.0, "track_id": 0.0, "is_audio": 0.0, "created_ts": 0.0, "duration": 0.0, "origin_type": 0.0, "common_subscription_product_codes": 0.0, "publication_ts": 0.0, "hits": 0.0, "picture_url": 0.0, "is_adult": 0.0, "is_club": 0.0, "is_classic": 0.0, "is_paid": 0.0, "html": 0.0}
2026-01-24 20:58:09,822 INFO rows=100000 cols=77
2026-01-24 20:58:09,822 INFO columns_sample=['id', 'title', 'description', 'thumbnail_url', 'video_url', 'duration', 'is_audio', 'created_ts', 'track_id', 'is_livestream', 'is_on_air', 'last_update_ts', 'stream_type', 'picture_url', 'origin_type', 'preview_url', 'is_adult', 'is_club', 'is_classic', 'is_paid', 'product_id', 'common_subscription_product_codes', 'publication_ts', 'hits', 'embed_url', 'feed_url', 'feed_name', 'is_official', 'is_licensed', 'html']
2026-01-24 20:58:09,937 INFO rows_after_dedup=100000
2026-01-24 20:58:10,200 INFO top_missing_share={"product_id": 1.0, "future_publication": 1.0, "stream_type": 0.99895, "meta.meta.property:og:description": 0.2958, "subscribers": 0.25033, "preview_url": 0.00117, "meta.meta.property:og:profile:username": 0.00014, "meta.meta.property:og:title": 0.00014, "video_url": 0.0, "title": 0.0, "description": 0.0, "thumbnail_url": 0.0, "id": 0.0, "last_update_ts": 0.0, "is_on_air": 0.0, "is_livestream": 0.0, "track_id": 0.0, "is_audio": 0.0, "created_ts": 0.0, "duration": 0.0, "origin_type": 0.0, "common_subscription_product_codes": 0.0, "publication_ts": 0.0, "hits": 0.0, "picture_url": 0.0, "is_adult": 0.0, "is_club": 0.0, "is_classic": 0.0, "is_paid": 0.0, "html": 0.0}
2026-01-24 20:58:11,554 INFO bool_cols_count=26 numeric_cols_count=19 categorical_cols_count=31
2026-01-24 20:58:11,554 INFO linear_features_bool=['author.is_allowed_offline', 'is_adult', 'is_audio', 'is_classic', 'is_club', 'is_hidden', 'is_licensed', 'is_livestream', 'is_official', 'is_on_air', 'is_original_content', 'is_original_sticker_2x2', 'is_paid', 'is_reborn_channel', 'kind_sign_for_user']
2026-01-24 20:58:11,555 INFO linear_features_numeric=['action_reason.id', 'common_subscription_product_codes_len', 'description_len', 'duration', 'pg_rating.age', 'title_len']
2026-01-24 20:58:11,555 INFO linear_features_categorical=['action_reason.name', 'category.name', 'origin_type']
2026-01-24 20:58:11,555 INFO catboost_features_bool=['author.is_allowed_offline', 'is_adult', 'is_audio', 'is_classic', 'is_club', 'is_hidden', 'is_licensed', 'is_livestream', 'is_official', 'is_on_air', 'is_original_content', 'is_original_sticker_2x2', 'is_paid', 'is_reborn_channel', 'kind_sign_for_user']
2026-01-24 20:58:11,555 INFO catboost_features_numeric=['action_reason.id', 'common_subscription_product_codes_len', 'created_dow', 'created_hour', 'created_month', 'description_len', 'duration', 'pg_rating.age', 'publication_dow', 'publication_hour', 'publication_month', 'title_len']
2026-01-24 20:58:11,555 INFO catboost_features_categorical=['action_reason.name', 'author.id', 'category.id', 'category.name', 'feed_name', 'origin_type', 'stream_type']
2026-01-24 20:58:11,556 INFO nn_features_bool=['author.is_allowed_offline', 'is_adult', 'is_audio', 'is_classic', 'is_club', 'is_hidden', 'is_licensed', 'is_livestream', 'is_official', 'is_on_air', 'is_original_content', 'is_original_sticker_2x2', 'is_paid', 'is_reborn_channel', 'kind_sign_for_user']
2026-01-24 20:58:11,556 INFO nn_features_numeric=['action_reason.id', 'common_subscription_product_codes_len', 'description_len', 'duration', 'pg_rating.age', 'title_len']
2026-01-24 20:58:11,556 INFO nn_features_categorical=['author.id', 'category.id', 'origin_type']
2026-01-24 20:58:11,558 INFO nonneg_numeric=['action_reason.id', 'common_subscription_product_codes_len', 'created_dow', 'created_hour', 'created_month', 'description_len', 'duration', 'pg_rating.age', 'publication_dow', 'publication_hour', 'publication_month', 'title_len']
2026-01-24 20:58:11,723 INFO target=hits y_min=0.0 y_p50=6.0 y_p95=272.0 y_mean=386.04864
2026-01-24 20:58:11,731 INFO saved_schema=reports/schema.json
